2025-11-17 18:50:03,117 [Worker-6: Loading available Gradle versions] INFO  o.e.b.c.i.u.g.PublishedGradleVersions - Gradle version information cache is up-to-date. Trying to read.
2025-11-17 19:17:36,424 [Worker-13: Import Getting Started Content] INFO  o.e.m.c.i.l.LifecycleMappingFactory - Using org.eclipse.m2e.jdt.JarLifecycleMapping lifecycle mapping for MavenProject: com.valeriaromero:peliculas_y_directores:0.0.1-SNAPSHOT @ D:\valel\Documents\CODING DOJO BOOTCAMP\Octubre 2025\Banco de chile\STS\peliculas_y_directores\pom.xml.
2025-11-17 19:17:37,397 [Worker-13: Import Getting Started Content] INFO  o.e.m.j.i.AbstractJavaProjectConfigurator - Adding source folder /peliculas_y_directores/src/main/java
2025-11-17 19:17:37,399 [Worker-13: Import Getting Started Content] INFO  o.e.m.j.i.AbstractJavaProjectConfigurator - Adding resource folder /peliculas_y_directores/src/main/resources
2025-11-17 19:17:37,404 [Worker-13: Import Getting Started Content] INFO  o.e.m.j.i.AbstractJavaProjectConfigurator - Adding resource folder /peliculas_y_directores/src/main/resources
2025-11-17 19:17:37,408 [Worker-13: Import Getting Started Content] INFO  o.e.m.j.i.AbstractJavaProjectConfigurator - Adding source folder /peliculas_y_directores/src/test/java
2025-11-17 19:17:37,409 [Worker-13: Import Getting Started Content] INFO  o.e.m.j.i.AbstractJavaProjectConfigurator - Adding resource folder /peliculas_y_directores/src/test/resources
2025-11-17 19:17:38,040 [Worker-13: Import Getting Started Content] INFO  o.e.m.c.i.p.ProjectConfigurationManager - Imported and configured 1 project(s) in 3 sec
2025-11-17 19:17:38,043 [Worker-13: Import Getting Started Content] INFO  o.e.m.c.i.p.ProjectConfigurationManager - Update started
2025-11-17 19:17:38,341 [Worker-13: Import Getting Started Content] INFO  o.e.m.c.i.l.LifecycleMappingFactory - Using org.eclipse.m2e.jdt.JarLifecycleMapping lifecycle mapping for MavenProject: com.valeriaromero:peliculas_y_directores:0.0.1-SNAPSHOT @ D:\valel\Documents\CODING DOJO BOOTCAMP\Octubre 2025\Banco de chile\STS\peliculas_y_directores\pom.xml.
2025-11-17 19:17:38,660 [Worker-13: Import Getting Started Content] INFO  o.e.m.j.i.AbstractJavaProjectConfigurator - Adding source folder /peliculas_y_directores/src/main/java
2025-11-17 19:17:38,661 [Worker-13: Import Getting Started Content] INFO  o.e.m.j.i.AbstractJavaProjectConfigurator - Adding resource folder /peliculas_y_directores/src/main/resources
2025-11-17 19:17:38,661 [Worker-13: Import Getting Started Content] INFO  o.e.m.j.i.AbstractJavaProjectConfigurator - Adding resource folder /peliculas_y_directores/src/main/resources
2025-11-17 19:17:38,662 [Worker-13: Import Getting Started Content] INFO  o.e.m.j.i.AbstractJavaProjectConfigurator - Adding source folder /peliculas_y_directores/src/test/java
2025-11-17 19:17:38,663 [Worker-13: Import Getting Started Content] INFO  o.e.m.j.i.AbstractJavaProjectConfigurator - Adding resource folder /peliculas_y_directores/src/test/resources
2025-11-17 19:17:39,198 [Worker-13: Import Getting Started Content] INFO  o.e.m.c.i.p.ProjectConfigurationManager - Update completed for 1 poms: local refresh takes 0.00 sec, refresh facades takes 0.00 sec, update config takes 0.00 sec 
2025-11-17 19:17:39,850 [Worker-15: Building] INFO  o.a.m.s.f.DefaultMavenResourcesFiltering - Copying 1 resource from src\main\resources to target\classes
2025-11-17 19:17:39,881 [Worker-15: Building] INFO  o.a.m.s.f.DefaultMavenResourcesFiltering - Copying 0 resource from src\main\resources to target\classes
2025-11-17 19:17:39,886 [Worker-15: Building] INFO  o.a.m.s.f.DefaultMavenResourcesFiltering - skip non existing resourceDirectory D:\valel\Documents\CODING DOJO BOOTCAMP\Octubre 2025\Banco de chile\STS\peliculas_y_directores\src\test\resources
2025-11-17 19:23:51,415 [Worker-20: Building] INFO  o.a.m.s.f.DefaultMavenResourcesFiltering - Copying 1 resource from src\main\resources to target\classes
2025-11-17 19:23:51,422 [Worker-20: Building] INFO  o.a.m.s.f.DefaultMavenResourcesFiltering - Copying 0 resource from src\main\resources to target\classes
2025-11-17 19:23:51,426 [Worker-20: Building] INFO  o.a.m.s.f.DefaultMavenResourcesFiltering - skip non existing resourceDirectory D:\valel\Documents\CODING DOJO BOOTCAMP\Octubre 2025\Banco de chile\STS\peliculas_y_directores\src\test\resources
2025-11-17 19:26:19,189 [Worker-22: Building] INFO  o.a.m.s.f.DefaultMavenResourcesFiltering - Copying 1 resource from src\main\resources to target\classes
2025-11-17 19:26:19,194 [Worker-22: Building] INFO  o.a.m.s.f.DefaultMavenResourcesFiltering - Copying 0 resource from src\main\resources to target\classes
2025-11-17 19:26:19,196 [Worker-22: Building] INFO  o.a.m.s.f.DefaultMavenResourcesFiltering - skip non existing resourceDirectory D:\valel\Documents\CODING DOJO BOOTCAMP\Octubre 2025\Banco de chile\STS\peliculas_y_directores\src\test\resources
2025-11-17 19:27:41,033 [Worker-24: Building] INFO  o.a.m.s.f.DefaultMavenResourcesFiltering - Copying 1 resource from src\main\resources to target\classes
2025-11-17 19:27:41,037 [Worker-24: Building] INFO  o.a.m.s.f.DefaultMavenResourcesFiltering - Copying 0 resource from src\main\resources to target\classes
2025-11-17 19:27:41,040 [Worker-24: Building] INFO  o.a.m.s.f.DefaultMavenResourcesFiltering - skip non existing resourceDirectory D:\valel\Documents\CODING DOJO BOOTCAMP\Octubre 2025\Banco de chile\STS\peliculas_y_directores\src\test\resources
2025-11-17 19:32:58,494 [Worker-24: Building] INFO  o.a.m.s.f.DefaultMavenResourcesFiltering - Copying 1 resource from src\main\resources to target\classes
2025-11-17 19:32:58,500 [Worker-24: Building] INFO  o.a.m.s.f.DefaultMavenResourcesFiltering - Copying 0 resource from src\main\resources to target\classes
2025-11-17 19:32:58,504 [Worker-24: Building] INFO  o.a.m.s.f.DefaultMavenResourcesFiltering - skip non existing resourceDirectory D:\valel\Documents\CODING DOJO BOOTCAMP\Octubre 2025\Banco de chile\STS\peliculas_y_directores\src\test\resources
2025-11-17 19:37:10,893 [Worker-27: Building] INFO  o.a.m.s.f.DefaultMavenResourcesFiltering - Copying 1 resource from src\main\resources to target\classes
2025-11-17 19:37:10,899 [Worker-27: Building] INFO  o.a.m.s.f.DefaultMavenResourcesFiltering - Copying 0 resource from src\main\resources to target\classes
2025-11-17 19:37:10,904 [Worker-27: Building] INFO  o.a.m.s.f.DefaultMavenResourcesFiltering - skip non existing resourceDirectory D:\valel\Documents\CODING DOJO BOOTCAMP\Octubre 2025\Banco de chile\STS\peliculas_y_directores\src\test\resources
2025-11-17 20:05:33,140 [Worker-35: Building] INFO  o.a.m.s.f.DefaultMavenResourcesFiltering - Copying 1 resource from src\main\resources to target\classes
2025-11-17 20:05:33,150 [Worker-35: Building] INFO  o.a.m.s.f.DefaultMavenResourcesFiltering - Copying 0 resource from src\main\resources to target\classes
2025-11-17 20:05:33,153 [Worker-35: Building] INFO  o.a.m.s.f.DefaultMavenResourcesFiltering - skip non existing resourceDirectory D:\valel\Documents\CODING DOJO BOOTCAMP\Octubre 2025\Banco de chile\STS\peliculas_y_directores\src\test\resources
2025-11-17 20:07:05,571 [Worker-36: Building] INFO  o.a.m.s.f.DefaultMavenResourcesFiltering - Copying 1 resource from src\main\resources to target\classes
2025-11-17 20:07:05,575 [Worker-36: Building] INFO  o.a.m.s.f.DefaultMavenResourcesFiltering - Copying 0 resource from src\main\resources to target\classes
2025-11-17 20:07:05,577 [Worker-36: Building] INFO  o.a.m.s.f.DefaultMavenResourcesFiltering - skip non existing resourceDirectory D:\valel\Documents\CODING DOJO BOOTCAMP\Octubre 2025\Banco de chile\STS\peliculas_y_directores\src\test\resources
2025-11-17 20:09:11,544 [Worker-35: Building] INFO  o.a.m.s.f.DefaultMavenResourcesFiltering - Copying 1 resource from src\main\resources to target\classes
2025-11-17 20:09:11,563 [Worker-35: Building] INFO  o.a.m.s.f.DefaultMavenResourcesFiltering - Copying 0 resource from src\main\resources to target\classes
2025-11-17 20:09:11,565 [Worker-35: Building] INFO  o.a.m.s.f.DefaultMavenResourcesFiltering - skip non existing resourceDirectory D:\valel\Documents\CODING DOJO BOOTCAMP\Octubre 2025\Banco de chile\STS\peliculas_y_directores\src\test\resources
2025-11-17 20:09:16,371 [Worker-37: Building] INFO  o.a.m.s.f.DefaultMavenResourcesFiltering - Copying 1 resource from src\main\resources to target\classes
2025-11-17 20:09:16,387 [Worker-37: Building] INFO  o.a.m.s.f.DefaultMavenResourcesFiltering - Copying 0 resource from src\main\resources to target\classes
2025-11-17 20:09:16,391 [Worker-37: Building] INFO  o.a.m.s.f.DefaultMavenResourcesFiltering - skip non existing resourceDirectory D:\valel\Documents\CODING DOJO BOOTCAMP\Octubre 2025\Banco de chile\STS\peliculas_y_directores\src\test\resources
